[themesbrand.com/chatvia/layouts/index-dark.html]
[backblue.gif]
[fade.gif]
[index.html]
[themesbrand.com/chatvia/layouts/assets/images/favicon.ico]
[themesbrand.com/chatvia/layouts/assets/libs/magnific-popup/magnific-popup.css]
[themesbrand.com/chatvia/layouts/assets/libs/owl.carousel/assets/owl.carousel.min.css]
[themesbrand.com/chatvia/layouts/assets/libs/owl.carousel/assets/owl.theme.default.min.css]
[themesbrand.com/chatvia/layouts/assets/css/bootstrap.min.css]
[themesbrand.com/chatvia/layouts/assets/css/icons.min.css]
[themesbrand.com/chatvia/layouts/assets/css/app.min.css]
[themesbrand.com/chatvia/layouts/index.html]
[themesbrand.com/chatvia/layouts/assets/images/users/avatar-1.jpg]
[themesbrand.com/chatvia/layouts/auth-login.html]
[themesbrand.com/chatvia/layouts/assets/images/users/avatar-2.jpg]
[themesbrand.com/chatvia/layouts/assets/images/users/avatar-4.jpg]
[themesbrand.com/chatvia/layouts/assets/images/users/avatar-5.jpg]
[themesbrand.com/chatvia/layouts/assets/images/users/avatar-6.jpg]
[themesbrand.com/chatvia/layouts/assets/images/users/avatar-3.jpg]
[themesbrand.com/chatvia/layouts/assets/images/users/avatar-7.jpg]
[themesbrand.com/chatvia/layouts/assets/images/users/avatar-8.jpg]
[themesbrand.com/chatvia/layouts/assets/images/small/img-1.jpg]
[themesbrand.com/chatvia/layouts/assets/images/small/img-2.jpg]
[themesbrand.com/chatvia/layouts/assets/images/small/admin_v1.0.zip]
[themesbrand.com/chatvia/layouts/assets/libs/jquery/jquery.min.js]
[themesbrand.com/chatvia/layouts/assets/libs/bootstrap/js/bootstrap.bundle.min.js]
[themesbrand.com/chatvia/layouts/assets/libs/simplebar/simplebar.min.js]
[themesbrand.com/chatvia/layouts/assets/libs/node-waves/waves.min.js]
[themesbrand.com/chatvia/layouts/assets/libs/magnific-popup/jquery.magnific-popup.min.js]
[themesbrand.com/chatvia/layouts/assets/libs/owl.carousel/owl.carousel.min.js]
[themesbrand.com/chatvia/layouts/assets/js/pages/index.init.js]
[themesbrand.com/chatvia/layouts/assets/js/app.js]
[themesbrand.com/chatvia/layouts/index-dark.html]
[themesbrand.com/chatvia/layouts/assets/libs/magnific-popup/magnific-popup.css]
[themesbrand.com/chatvia/layouts/assets/libs/owl.carousel/assets/owl.video.play.png]
[themesbrand.com/chatvia/layouts/assets/libs/owl.carousel/assets/owl.carousel.min.css]
[themesbrand.com/chatvia/layouts/assets/libs/owl.carousel/assets/owl.theme.default.min.css]
[themesbrand.com/chatvia/layouts/assets/css/bootstrap.min.css]
[themesbrand.com/chatvia/layouts/assets/fonts/materialdesignicons-webfont7e1c.eot]
[themesbrand.com/chatvia/layouts/assets/fonts/materialdesignicons-webfontd41d.eot]
[themesbrand.com/chatvia/layouts/assets/fonts/materialdesignicons-webfont7e1c.woff]
[themesbrand.com/chatvia/layouts/assets/fonts/materialdesignicons-webfont7e1c.ttf]
[themesbrand.com/chatvia/layouts/assets/fonts/remixicon8025.eot]
[themesbrand.com/chatvia/layouts/assets/fonts/remixicon8025.woff]
[themesbrand.com/chatvia/layouts/assets/fonts/remixicon8025.ttf]
[themesbrand.com/chatvia/layouts/assets/css/icons.min.css]
[themesbrand.com/chatvia/layouts/assets/css/app.min.css]
[themesbrand.com/chatvia/layouts/index.html]
[themesbrand.com/chatvia/layouts/assets/images/logo.svg]
[themesbrand.com/chatvia/layouts/assets/images/logo-dark.png]
[themesbrand.com/chatvia/layouts/assets/images/logo-light.png]
[themesbrand.com/chatvia/layouts/auth-recoverpw.html]
[themesbrand.com/chatvia/layouts/auth-register.html]
[themesbrand.com/chatvia/layouts/auth-login.html]
[themesbrand.com/chatvia/layouts/assets/fonts/materialdesignicons-webfont7e1c.html]
[themesbrand.com/chatvia/layouts/assets/fonts/remixicon8025.html]
[themesbrand.com/chatvia/layouts/assets/fonts/remixicon8025.svg]
[themesbrand.com/chatvia/layouts/auth-recoverpw.html]
[themesbrand.com/chatvia/layouts/auth-register.html]
